Start testing: Jan 03 15:45 CST
----------------------------------------------------------
17/20 Testing: NormalizeTest.matchSize
17/20 Test: NormalizeTest.matchSize
Command: "/Users/anminfang/Documents/md-engine-training/build/debug/tests/protocol_tests" "--gtest_filter=NormalizeTest.matchSize" "--gtest_also_run_disabled_tests"
Directory: /Users/anminfang/Documents/md-engine-training/build/debug/tests
"NormalizeTest.matchSize" start time: Jan 03 15:45 CST
Output:
----------------------------------------------------------
Running main() from /Users/anminfang/Documents/md-engine-training/third_party/googletest/googletest/src/gtest_main.cc
Note: Google Test filter = NormalizeTest.matchSize
[==========] Running 1 test from 1 test suite.
[----------] Global test environment set-up.
[----------] 1 test from NormalizeTest
[ RUN      ] NormalizeTest.matchSize
Connect to server
[       OK ] NormalizeTest.matchSize (12 ms)
[----------] 1 test from NormalizeTest (12 ms total)

[----------] Global test environment tear-down
[==========] 1 test from 1 test suite ran. (13 ms total)
[  PASSED  ] 1 test.
<end of output>
Test time =   0.06 sec
----------------------------------------------------------
Test Passed.
"NormalizeTest.matchSize" end time: Jan 03 15:45 CST
"NormalizeTest.matchSize" time elapsed: 00:00:00
----------------------------------------------------------

18/20 Testing: NormalizeTest.notMatchSize
18/20 Test: NormalizeTest.notMatchSize
Command: "/Users/anminfang/Documents/md-engine-training/build/debug/tests/protocol_tests" "--gtest_filter=NormalizeTest.notMatchSize" "--gtest_also_run_disabled_tests"
Directory: /Users/anminfang/Documents/md-engine-training/build/debug/tests
"NormalizeTest.notMatchSize" start time: Jan 03 15:45 CST
Output:
----------------------------------------------------------
Running main() from /Users/anminfang/Documents/md-engine-training/third_party/googletest/googletest/src/gtest_main.cc
Note: Google Test filter = NormalizeTest.notMatchSize
[==========] Running 1 test from 1 test suite.
[----------] Global test environment set-up.
[----------] 1 test from NormalizeTest
[ RUN      ] NormalizeTest.notMatchSize
[       OK ] NormalizeTest.notMatchSize (0 ms)
[----------] 1 test from NormalizeTest (0 ms total)

[----------] Global test environment tear-down
[==========] 1 test from 1 test suite ran. (0 ms total)
[  PASSED  ] 1 test.
<end of output>
Test time =   0.02 sec
----------------------------------------------------------
Test Passed.
"NormalizeTest.notMatchSize" end time: Jan 03 15:45 CST
"NormalizeTest.notMatchSize" time elapsed: 00:00:00
----------------------------------------------------------

19/20 Testing: NormalizeTest.sanityCheck
19/20 Test: NormalizeTest.sanityCheck
Command: "/Users/anminfang/Documents/md-engine-training/build/debug/tests/protocol_tests" "--gtest_filter=NormalizeTest.sanityCheck" "--gtest_also_run_disabled_tests"
Directory: /Users/anminfang/Documents/md-engine-training/build/debug/tests
"NormalizeTest.sanityCheck" start time: Jan 03 15:45 CST
Output:
----------------------------------------------------------
Running main() from /Users/anminfang/Documents/md-engine-training/third_party/googletest/googletest/src/gtest_main.cc
Note: Google Test filter = NormalizeTest.sanityCheck
[==========] Running 1 test from 1 test suite.
[----------] Global test environment set-up.
[----------] 1 test from NormalizeTest
[ RUN      ] NormalizeTest.sanityCheck
[       OK ] NormalizeTest.sanityCheck (0 ms)
[----------] 1 test from NormalizeTest (0 ms total)

[----------] Global test environment tear-down
[==========] 1 test from 1 test suite ran. (0 ms total)
[  PASSED  ] 1 test.
<end of output>
Test time =   0.02 sec
----------------------------------------------------------
Test Passed.
"NormalizeTest.sanityCheck" end time: Jan 03 15:45 CST
"NormalizeTest.sanityCheck" time elapsed: 00:00:00
----------------------------------------------------------

20/20 Testing: NormalizeTest.decodeMsg
20/20 Test: NormalizeTest.decodeMsg
Command: "/Users/anminfang/Documents/md-engine-training/build/debug/tests/protocol_tests" "--gtest_filter=NormalizeTest.decodeMsg" "--gtest_also_run_disabled_tests"
Directory: /Users/anminfang/Documents/md-engine-training/build/debug/tests
"NormalizeTest.decodeMsg" start time: Jan 03 15:45 CST
Output:
----------------------------------------------------------
Running main() from /Users/anminfang/Documents/md-engine-training/third_party/googletest/googletest/src/gtest_main.cc
Note: Google Test filter = NormalizeTest.decodeMsg
[==========] Running 1 test from 1 test suite.
[----------] Global test environment set-up.
[----------] 1 test from NormalizeTest
[ RUN      ] NormalizeTest.decodeMsg
[       OK ] NormalizeTest.decodeMsg (0 ms)
[----------] 1 test from NormalizeTest (0 ms total)

[----------] Global test environment tear-down
[==========] 1 test from 1 test suite ran. (0 ms total)
[  PASSED  ] 1 test.
<end of output>
Test time =   0.01 sec
----------------------------------------------------------
Test Passed.
"NormalizeTest.decodeMsg" end time: Jan 03 15:45 CST
"NormalizeTest.decodeMsg" time elapsed: 00:00:00
----------------------------------------------------------

End testing: Jan 03 15:45 CST
